# JRE version: Java(TM) SE Runtime Environment (8.0_144-b01) (build 1.8.0_144-b01)
# Java VM: Java HotSpot(TM) 64-Bit Server VM (25.144-b01 mixed mode windows-amd64 compressed oops)
Heap:
 PSYoungGen      total 312320K, used 312293K [0x00000000e0000000, 0x00000000f6c80000, 0x0000000100000000)
  eden space 285184K, 100% used [0x00000000e0000000,0x00000000f1680000,0x00000000f1680000)
  from space 27136K, 99% used [0x00000000f3c00000,0x00000000f56794d0,0x00000000f5680000)
  to   space 38400K, 26% used [0x00000000f1680000,0x00000000f20626c8,0x00000000f3c00000)
 ParOldGen       total 104960K, used 87073K [0x00000000a0000000, 0x00000000a6680000, 0x00000000e0000000)
  object space 104960K, 82% used [0x00000000a0000000,0x00000000a55087f0,0x00000000a6680000)
 Metaspace       used 74001K, capacity 77130K, committed 77272K, reserved 1116160K
  class space    used 9832K, capacity 10430K, committed 10496K, reserved 1048576K
GC Heap History (10 events):
Event: 34.730 GC heap after
Heap after GC invocations=11 (full 2):
 PSYoungGen      total 197632K, used 14835K [0x00000000e0000000, 0x00000000f1b80000, 0x0000000100000000)
  eden space 182784K, 0% used [0x00000000e0000000,0x00000000e0000000,0x00000000eb280000)
  from space 14848K, 99% used [0x00000000eb280000,0x00000000ec0fccb8,0x00000000ec100000)
  to   space 22016K, 0% used [0x00000000f0600000,0x00000000f0600000,0x00000000f1b80000)
 ParOldGen       total 54784K, used 29901K [0x00000000a0000000, 0x00000000a3580000, 0x00000000e0000000)
  object space 54784K, 54% used [0x00000000a0000000,0x00000000a1d336d8,0x00000000a3580000)
 Metaspace       used 52421K, capacity 54084K, committed 54232K, reserved 1095680K
  class space    used 7238K, capacity 7641K, committed 7680K, reserved 1048576K
}
Event: 38.186 GC heap before
{Heap before GC invocations=12 (full 2):
 PSYoungGen      total 197632K, used 134480K [0x00000000e0000000, 0x00000000f1b80000, 0x0000000100000000)
  eden space 182784K, 65% used [0x00000000e0000000,0x00000000e74d7600,0x00000000eb280000)
  from space 14848K, 99% used [0x00000000eb280000,0x00000000ec0fccb8,0x00000000ec100000)
  to   space 22016K, 0% used [0x00000000f0600000,0x00000000f0600000,0x00000000f1b80000)
 ParOldGen       total 54784K, used 29901K [0x00000000a0000000, 0x00000000a3580000, 0x00000000e0000000)
  object space 54784K, 54% used [0x00000000a0000000,0x00000000a1d336d8,0x00000000a3580000)
 Metaspace       used 56648K, capacity 58888K, committed 59028K, reserved 1099776K
  class space    used 7866K, capacity 8335K, committed 8448K, reserved 1048576K
Event: 38.225 GC heap after
Heap after GC invocations=12 (full 2):
 PSYoungGen      total 262144K, used 21984K [0x00000000e0000000, 0x00000000f2980000, 0x0000000100000000)
  eden space 240128K, 0% used [0x00000000e0000000,0x00000000e0000000,0x00000000eea80000)
  from space 22016K, 99% used [0x00000000f0600000,0x00000000f1b78040,0x00000000f1b80000)
  to   space 28160K, 0% used [0x00000000eea80000,0x00000000eea80000,0x00000000f0600000)
 ParOldGen       total 54784K, used 38009K [0x00000000a0000000, 0x00000000a3580000, 0x00000000e0000000)
  object space 54784K, 69% used [0x00000000a0000000,0x00000000a251e688,0x00000000a3580000)
 Metaspace       used 56648K, capacity 58888K, committed 59028K, reserved 1099776K
  class space    used 7866K, capacity 8335K, committed 8448K, reserved 1048576K
}
Event: 38.225 GC heap before
{Heap before GC invocations=13 (full 3):
 PSYoungGen      total 262144K, used 21984K [0x00000000e0000000, 0x00000000f2980000, 0x0000000100000000)
  eden space 240128K, 0% used [0x00000000e0000000,0x00000000e0000000,0x00000000eea80000)
  from space 22016K, 99% used [0x00000000f0600000,0x00000000f1b78040,0x00000000f1b80000)
  to   space 28160K, 0% used [0x00000000eea80000,0x00000000eea80000,0x00000000f0600000)
 ParOldGen       total 54784K, used 38009K [0x00000000a0000000, 0x00000000a3580000, 0x00000000e0000000)
  object space 54784K, 69% used [0x00000000a0000000,0x00000000a251e688,0x00000000a3580000)
 Metaspace       used 56648K, capacity 58888K, committed 59028K, reserved 1099776K
  class space    used 7866K, capacity 8335K, committed 8448K, reserved 1048576K
Event: 38.497 GC heap after
Heap after GC invocations=13 (full 3):
 PSYoungGen      total 262144K, used 0K [0x00000000e0000000, 0x00000000f2980000, 0x0000000100000000)
  eden space 240128K, 0% used [0x00000000e0000000,0x00000000e0000000,0x00000000eea80000)
  from space 22016K, 0% used [0x00000000f0600000,0x00000000f0600000,0x00000000f1b80000)
  to   space 28160K, 0% used [0x00000000eea80000,0x00000000eea80000,0x00000000f0600000)
 ParOldGen       total 104960K, used 53627K [0x00000000a0000000, 0x00000000a6680000, 0x00000000e0000000)
  object space 104960K, 51% used [0x00000000a0000000,0x00000000a345efe0,0x00000000a6680000)
 Metaspace       used 56648K, capacity 58888K, committed 59028K, reserved 1099776K
  class space    used 7866K, capacity 8335K, committed 8448K, reserved 1048576K
}
Event: 357.196 GC heap before
{Heap before GC invocations=14 (full 3):
 PSYoungGen      total 262144K, used 240128K [0x00000000e0000000, 0x00000000f2980000, 0x0000000100000000)
  eden space 240128K, 100% used [0x00000000e0000000,0x00000000eea80000,0x00000000eea80000)
  from space 22016K, 0% used [0x00000000f0600000,0x00000000f0600000,0x00000000f1b80000)
  to   space 28160K, 0% used [0x00000000eea80000,0x00000000eea80000,0x00000000f0600000)
 ParOldGen       total 104960K, used 53627K [0x00000000a0000000, 0x00000000a6680000, 0x00000000e0000000)
  object space 104960K, 51% used [0x00000000a0000000,0x00000000a345efe0,0x00000000a6680000)
 Metaspace       used 61866K, capacity 64478K, committed 64600K, reserved 1105920K
  class space    used 8481K, capacity 8980K, committed 9088K, reserved 1048576K
Event: 357.212 GC heap after
Heap after GC invocations=14 (full 3):
 PSYoungGen      total 268288K, used 8874K [0x00000000e0000000, 0x00000000f5680000, 0x0000000100000000)
  eden space 240128K, 0% used [0x00000000e0000000,0x00000000e0000000,0x00000000eea80000)
  from space 28160K, 31% used [0x00000000eea80000,0x00000000ef32a9f8,0x00000000f0600000)
  to   space 27136K, 0% used [0x00000000f3c00000,0x00000000f3c00000,0x00000000f5680000)
 ParOldGen       total 104960K, used 53635K [0x00000000a0000000, 0x00000000a6680000, 0x00000000e0000000)
  object space 104960K, 51% used [0x00000000a0000000,0x00000000a3460fe0,0x00000000a6680000)
 Metaspace       used 61866K, capacity 64478K, committed 64600K, reserved 1105920K
  class space    used 8481K, capacity 8980K, committed 9088K, reserved 1048576K
}
Event: 372.735 GC heap before
{Heap before GC invocations=15 (full 3):
 PSYoungGen      total 268288K, used 249002K [0x00000000e0000000, 0x00000000f5680000, 0x0000000100000000)
  eden space 240128K, 100% used [0x00000000e0000000,0x00000000eea80000,0x00000000eea80000)
  from space 28160K, 31% used [0x00000000eea80000,0x00000000ef32a9f8,0x00000000f0600000)
  to   space 27136K, 0% used [0x00000000f3c00000,0x00000000f3c00000,0x00000000f5680000)
 ParOldGen       total 104960K, used 53635K [0x00000000a0000000, 0x00000000a6680000, 0x00000000e0000000)
  object space 104960K, 51% used [0x00000000a0000000,0x00000000a3460fe0,0x00000000a6680000)
 Metaspace       used 71057K, capacity 73844K, committed 74072K, reserved 1114112K
  class space    used 9507K, capacity 10075K, committed 10112K, reserved 1048576K
Event: 372.841 GC heap after
Heap after GC invocations=15 (full 3):
 PSYoungGen      total 312320K, used 27109K [0x00000000e0000000, 0x00000000f6c80000, 0x0000000100000000)
  eden space 285184K, 0% used [0x00000000e0000000,0x00000000e0000000,0x00000000f1680000)
  from space 27136K, 99% used [0x00000000f3c00000,0x00000000f56794d0,0x00000000f5680000)
  to   space 38400K, 0% used [0x00000000f1680000,0x00000000f1680000,0x00000000f3c00000)
 ParOldGen       total 104960K, used 72789K [0x00000000a0000000, 0x00000000a6680000, 0x00000000e0000000)
  object space 104960K, 69% used [0x00000000a0000000,0x00000000a47154a0,0x00000000a6680000)
 Metaspace       used 71057K, capacity 73844K, committed 74072K, reserved 1114112K
  class space    used 9507K, capacity 10075K, committed 10112K, reserved 1048576K
}
Event: 787.282 GC heap before
{Heap before GC invocations=16 (full 3):
 PSYoungGen      total 312320K, used 312293K [0x00000000e0000000, 0x00000000f6c80000, 0x0000000100000000)
  eden space 285184K, 100% used [0x00000000e0000000,0x00000000f1680000,0x00000000f1680000)
  from space 27136K, 99% used [0x00000000f3c00000,0x00000000f56794d0,0x00000000f5680000)
  to   space 38400K, 0% used [0x00000000f1680000,0x00000000f1680000,0x00000000f3c00000)
 ParOldGen       total 104960K, used 72789K [0x00000000a0000000, 0x00000000a6680000, 0x00000000e0000000)
  object space 104960K, 69% used [0x00000000a0000000,0x00000000a47154a0,0x00000000a6680000)
 Metaspace       used 74001K, capacity 77130K, committed 77272K, reserved 1116160K
  class space    used 9832K, capacity 10430K, committed 10496K, reserved 1048576K

